<?xml version="1.0" encoding="UTF-8"?>
<!-- Generated by org.testng.reporters.JUnitXMLReporter -->
<testsuite hostname="DESKTOP-OL77UVP" ignored="2" name="GRP-login" tests="3" failures="0" timestamp="2020-09-20T11:25:32 IST" time="0.152" errors="0">
  <testcase name="f1" time="0.021" classname="Testng_framework.grouptest"/>
  <testcase name="f3" time="0.006" classname="Testng_framework.grouptest"/>
  <testcase name="f5" time="0.002" classname="Testng_framework.grouptest"/>
  <testcase name="f4" time="0.0" classname="Testng_framework.grouptest">
    <ignored/>
  </testcase> <!-- f4 -->
  <testcase name="f2" time="0.0" classname="Testng_framework.grouptest">
    <ignored/>
  </testcase> <!-- f2 -->
</testsuite> <!-- GRP-login -->
