<?xml version="1.0" encoding="UTF-8"?>
<!-- Generated by org.testng.reporters.JUnitXMLReporter -->
<testsuite hostname="DESKTOP-OL77UVP" ignored="1" name="Test" tests="19" failures="1" timestamp="2020-09-20T11:24:38 IST" time="0.466" errors="0">
  <testcase name="f" time="0.012" classname="Testng_framework.datatestng"/>
  <testcase name="f" time="0.005" classname="Testng_framework.datatestng"/>
  <testcase name="f" time="0.006" classname="Testng_framework.datatestng"/>
  <testcase name="f" time="0.004" classname="Testng_framework.datatestng"/>
  <testcase name="f" time="0.007" classname="Testng_framework.datatestng"/>
  <testcase name="f" time="0.006" classname="Testng_framework.datatestng"/>
  <testcase name="f" time="0.009" classname="Testng_framework.datatestng"/>
  <testcase name="f1" time="0.006" classname="Testng_framework.dependencytest"/>
  <testcase name="f2" time="0.007" classname="Testng_framework.dependencytest"/>
  <testcase name="f4" time="0.003" classname="Testng_framework.dependencytest">
    <failure type="java.lang.ArithmeticException" message="/ by zero">
      <![CDATA[java.lang.ArithmeticException: / by zero
at Testng_framework.dependencytest.f4(dependencytest.java:32)
at java.util.ArrayList.forEach(ArrayList.java:1259)
... Removed 27 stack frames]]>
    </failure>
  </testcase> <!-- f4 -->
  <testcase name="f3" time="0.0" classname="Testng_framework.dependencytest">
    <skipped/>
  </testcase> <!-- f3 -->
  <testcase name="registrationPage" time="0.001" classname="Testng_framework.NewTest"/>
  <testcase name="loginPage" time="0.009" classname="Testng_framework.NewTest"/>
  <testcase name="searchPage" time="0.011" classname="Testng_framework.NewTest"/>
  <testcase name="f1" time="0.015" classname="Testng_framework.grouptest"/>
  <testcase name="f2" time="0.009" classname="Testng_framework.grouptest"/>
  <testcase name="f3" time="0.004" classname="Testng_framework.grouptest"/>
  <testcase name="f4" time="0.002" classname="Testng_framework.grouptest"/>
  <testcase name="f5" time="0.028" classname="Testng_framework.grouptest"/>
  <testcase name="homePage" time="0.0" classname="Testng_framework.NewTest">
    <ignored/>
  </testcase> <!-- homePage -->
</testsuite> <!-- Test -->
